<?xml version="1.0" encoding="UTF-8"?>
<testsuite name="propensi.amesta.controller.GudangControllerTest" tests="8" skipped="0" failures="0" errors="0" timestamp="2025-05-22T19:18:37" hostname="MacBook-Air-Muhammad.local" time="1.813">
  <properties/>
  <testcase name="testCreateGudang()" classname="propensi.amesta.controller.GudangControllerTest" time="1.618"/>
  <testcase name="testUpdateGudang()" classname="propensi.amesta.controller.GudangControllerTest" time="0.032"/>
  <testcase name="testUpdateGudangValidationFailure()" classname="propensi.amesta.controller.GudangControllerTest" time="0.064"/>
  <testcase name="testGetAllGudangWithSearchParam()" classname="propensi.amesta.controller.GudangControllerTest" time="0.024"/>
  <testcase name="testCreateGudangValidationFailure()" classname="propensi.amesta.controller.GudangControllerTest" time="0.014"/>
  <testcase name="testGetAllGudangWithoutSearchParam()" classname="propensi.amesta.controller.GudangControllerTest" time="0.019"/>
  <testcase name="testGetAllGudangWithEmptySearchParam()" classname="propensi.amesta.controller.GudangControllerTest" time="0.023"/>
  <testcase name="testGetGudangByName()" classname="propensi.amesta.controller.GudangControllerTest" time="0.014"/>
  <system-out><![CDATA[02:18:38.615 [Test worker] INFO org.hibernate.validator.internal.util.Version -- HV000001: Hibernate Validator 8.0.2.Final
02:18:39.029 [Test worker] INFO org.springframework.mock.web.MockServletContext -- Initializing Spring TestDispatcherServlet ''
02:18:39.029 [Test worker] INFO org.springframework.test.web.servlet.TestDispatcherServlet -- Initializing Servlet ''
02:18:39.031 [Test worker] INFO org.springframework.test.web.servlet.TestDispatcherServlet -- Completed initialization in 2 ms
02:18:39.288 [Test worker] INFO org.springframework.mock.web.MockServletContext -- Initializing Spring TestDispatcherServlet ''
02:18:39.288 [Test worker] INFO org.springframework.test.web.servlet.TestDispatcherServlet -- Initializing Servlet ''
02:18:39.288 [Test worker] INFO org.springframework.test.web.servlet.TestDispatcherServlet -- Completed initialization in 0 ms
02:18:39.319 [Test worker] INFO org.springframework.mock.web.MockServletContext -- Initializing Spring TestDispatcherServlet ''
02:18:39.319 [Test worker] INFO org.springframework.test.web.servlet.TestDispatcherServlet -- Initializing Servlet ''
02:18:39.322 [Test worker] INFO org.springframework.test.web.servlet.TestDispatcherServlet -- Completed initialization in 3 ms
02:18:39.386 [Test worker] INFO org.springframework.mock.web.MockServletContext -- Initializing Spring TestDispatcherServlet ''
02:18:39.386 [Test worker] INFO org.springframework.test.web.servlet.TestDispatcherServlet -- Initializing Servlet ''
02:18:39.386 [Test worker] INFO org.springframework.test.web.servlet.TestDispatcherServlet -- Completed initialization in 0 ms
02:18:39.404 [Test worker] INFO org.springframework.mock.web.MockServletContext -- Initializing Spring TestDispatcherServlet ''
02:18:39.404 [Test worker] INFO org.springframework.test.web.servlet.TestDispatcherServlet -- Initializing Servlet ''
02:18:39.404 [Test worker] INFO org.springframework.test.web.servlet.TestDispatcherServlet -- Completed initialization in 0 ms
02:18:39.419 [Test worker] INFO org.springframework.mock.web.MockServletContext -- Initializing Spring TestDispatcherServlet ''
02:18:39.419 [Test worker] INFO org.springframework.test.web.servlet.TestDispatcherServlet -- Initializing Servlet ''
02:18:39.419 [Test worker] INFO org.springframework.test.web.servlet.TestDispatcherServlet -- Completed initialization in 0 ms
02:18:39.444 [Test worker] INFO org.springframework.mock.web.MockServletContext -- Initializing Spring TestDispatcherServlet ''
02:18:39.444 [Test worker] INFO org.springframework.test.web.servlet.TestDispatcherServlet -- Initializing Servlet ''
02:18:39.444 [Test worker] INFO org.springframework.test.web.servlet.TestDispatcherServlet -- Completed initialization in 0 ms
02:18:39.462 [Test worker] INFO org.springframework.mock.web.MockServletContext -- Initializing Spring TestDispatcherServlet ''
02:18:39.462 [Test worker] INFO org.springframework.test.web.servlet.TestDispatcherServlet -- Initializing Servlet ''
02:18:39.462 [Test worker] INFO org.springframework.test.web.servlet.TestDispatcherServlet -- Completed initialization in 0 ms
]]></system-out>
  <system-err><![CDATA[Mockito is currently self-attaching to enable the inline-mock-maker. This will no longer work in future releases of the JDK. Please add Mockito as an agent to your build what is described in Mockito's documentation: https://javadoc.io/doc/org.mockito/mockito-core/latest/org/mockito/Mockito.html#0.3
WARNING: A Java agent has been loaded dynamically (/Users/hilaldfzn/.gradle/caches/modules-2/files-2.1/net.bytebuddy/byte-buddy-agent/1.15.11/a38b16385e867f59a641330f0362ebe742788ed8/byte-buddy-agent-1.15.11.jar)
WARNING: If a serviceability tool is in use, please run with -XX:+EnableDynamicAgentLoading to hide this warning
WARNING: If a serviceability tool is not in use, please run with -Djdk.instrument.traceUsage for more information
WARNING: Dynamic loading of agents will be disallowed by default in a future release
]]></system-err>
</testsuite>
