<?xml version="1.0" encoding="UTF-8"?>
<testsuite name="propensi.amesta.controller.GudangControllerTest" tests="8" skipped="0" failures="0" errors="0" timestamp="2025-05-01T21:16:39" hostname="MacBook-Air-Muhammad.local" time="1.916">
  <properties/>
  <testcase name="testCreateGudang()" classname="propensi.amesta.controller.GudangControllerTest" time="1.784"/>
  <testcase name="testUpdateGudang()" classname="propensi.amesta.controller.GudangControllerTest" time="0.031"/>
  <testcase name="testUpdateGudangValidationFailure()" classname="propensi.amesta.controller.GudangControllerTest" time="0.036"/>
  <testcase name="testGetAllGudangWithSearchParam()" classname="propensi.amesta.controller.GudangControllerTest" time="0.014"/>
  <testcase name="testCreateGudangValidationFailure()" classname="propensi.amesta.controller.GudangControllerTest" time="0.013"/>
  <testcase name="testGetAllGudangWithoutSearchParam()" classname="propensi.amesta.controller.GudangControllerTest" time="0.011"/>
  <testcase name="testGetAllGudangWithEmptySearchParam()" classname="propensi.amesta.controller.GudangControllerTest" time="0.011"/>
  <testcase name="testGetGudangByName()" classname="propensi.amesta.controller.GudangControllerTest" time="0.013"/>
  <system-out><![CDATA[04:16:40.716 [Test worker] INFO org.hibernate.validator.internal.util.Version -- HV000001: Hibernate Validator 8.0.2.Final
04:16:41.180 [Test worker] INFO org.springframework.mock.web.MockServletContext -- Initializing Spring TestDispatcherServlet ''
04:16:41.180 [Test worker] INFO org.springframework.test.web.servlet.TestDispatcherServlet -- Initializing Servlet ''
04:16:41.182 [Test worker] INFO org.springframework.test.web.servlet.TestDispatcherServlet -- Completed initialization in 2 ms
04:16:41.453 [Test worker] INFO org.springframework.mock.web.MockServletContext -- Initializing Spring TestDispatcherServlet ''
04:16:41.453 [Test worker] INFO org.springframework.test.web.servlet.TestDispatcherServlet -- Initializing Servlet ''
04:16:41.453 [Test worker] INFO org.springframework.test.web.servlet.TestDispatcherServlet -- Completed initialization in 0 ms
04:16:41.481 [Test worker] INFO org.springframework.mock.web.MockServletContext -- Initializing Spring TestDispatcherServlet ''
04:16:41.481 [Test worker] INFO org.springframework.test.web.servlet.TestDispatcherServlet -- Initializing Servlet ''
04:16:41.482 [Test worker] INFO org.springframework.test.web.servlet.TestDispatcherServlet -- Completed initialization in 0 ms
04:16:41.517 [Test worker] INFO org.springframework.mock.web.MockServletContext -- Initializing Spring TestDispatcherServlet ''
04:16:41.517 [Test worker] INFO org.springframework.test.web.servlet.TestDispatcherServlet -- Initializing Servlet ''
04:16:41.517 [Test worker] INFO org.springframework.test.web.servlet.TestDispatcherServlet -- Completed initialization in 0 ms
04:16:41.531 [Test worker] INFO org.springframework.mock.web.MockServletContext -- Initializing Spring TestDispatcherServlet ''
04:16:41.531 [Test worker] INFO org.springframework.test.web.servlet.TestDispatcherServlet -- Initializing Servlet ''
04:16:41.531 [Test worker] INFO org.springframework.test.web.servlet.TestDispatcherServlet -- Completed initialization in 0 ms
04:16:41.544 [Test worker] INFO org.springframework.mock.web.MockServletContext -- Initializing Spring TestDispatcherServlet ''
04:16:41.544 [Test worker] INFO org.springframework.test.web.servlet.TestDispatcherServlet -- Initializing Servlet ''
04:16:41.544 [Test worker] INFO org.springframework.test.web.servlet.TestDispatcherServlet -- Completed initialization in 0 ms
04:16:41.555 [Test worker] INFO org.springframework.mock.web.MockServletContext -- Initializing Spring TestDispatcherServlet ''
04:16:41.556 [Test worker] INFO org.springframework.test.web.servlet.TestDispatcherServlet -- Initializing Servlet ''
04:16:41.556 [Test worker] INFO org.springframework.test.web.servlet.TestDispatcherServlet -- Completed initialization in 0 ms
04:16:41.566 [Test worker] INFO org.springframework.mock.web.MockServletContext -- Initializing Spring TestDispatcherServlet ''
04:16:41.567 [Test worker] INFO org.springframework.test.web.servlet.TestDispatcherServlet -- Initializing Servlet ''
04:16:41.567 [Test worker] INFO org.springframework.test.web.servlet.TestDispatcherServlet -- Completed initialization in 0 ms
]]></system-out>
  <system-err><![CDATA[Mockito is currently self-attaching to enable the inline-mock-maker. This will no longer work in future releases of the JDK. Please add Mockito as an agent to your build what is described in Mockito's documentation: https://javadoc.io/doc/org.mockito/mockito-core/latest/org/mockito/Mockito.html#0.3
WARNING: A Java agent has been loaded dynamically (/Users/hilaldfzn/.gradle/caches/modules-2/files-2.1/net.bytebuddy/byte-buddy-agent/1.15.11/a38b16385e867f59a641330f0362ebe742788ed8/byte-buddy-agent-1.15.11.jar)
WARNING: If a serviceability tool is in use, please run with -XX:+EnableDynamicAgentLoading to hide this warning
WARNING: If a serviceability tool is not in use, please run with -Djdk.instrument.traceUsage for more information
WARNING: Dynamic loading of agents will be disallowed by default in a future release
]]></system-err>
</testsuite>
